# JRE version: OpenJDK Runtime Environment JBR-17.0.10+1-1087.21-jcef (17.0.10+1) (build 17.0.10+1-b1087.21)
# Java VM: OpenJDK 64-Bit Server VM JBR-17.0.10+1-1087.21-jcef (17.0.10+1-b1087.21, mixed mode, tiered, compressed oops, compressed class ptrs, g1 gc, windows-amd64)
GC Precious Log:
 CPUs: 12 total, 12 available
 Memory: 16291M
 Large Page Support: Disabled
 NUMA Support: Disabled
 Compressed Oops: Enabled (32-bit)
 Heap Region Size: 1M
 Heap Min Capacity: 256M
 Heap Initial Capacity: 256M
 Heap Max Capacity: 512M
 Pre-touch: Disabled
 Parallel Workers: 10
 Concurrent Workers: 3
 Concurrent Refinement Workers: 10
 Periodic GC: Disabled
Heap:
 garbage-first heap   total 262144K, used 152473K [0x00000000e0000000, 0x0000000100000000)
  region size 1024K, 113 young (115712K), 17 survivors (17408K)
 Metaspace       used 77721K, committed 78336K, reserved 344064K
  class space    used 10256K, committed 10496K, reserved 212992K
GC Heap History (16 events):
Event: 0.530 GC heap before
{Heap before GC invocations=0 (full 0):
 garbage-first heap   total 262144K, used 28672K [0x00000000e0000000, 0x0000000100000000)
  region size 1024K, 23 young (23552K), 0 survivors (0K)
 Metaspace       used 10269K, committed 10432K, reserved 278528K
  class space    used 1063K, committed 1152K, reserved 212992K
}
Event: 0.532 GC heap after
{Heap after GC invocations=1 (full 0):
 garbage-first heap   total 262144K, used 9416K [0x00000000e0000000, 0x0000000100000000)
  region size 1024K, 3 young (3072K), 3 survivors (3072K)
 Metaspace       used 10269K, committed 10432K, reserved 278528K
  class space    used 1063K, committed 1152K, reserved 212992K
}
Event: 0.749 GC heap before
{Heap before GC invocations=1 (full 0):
 garbage-first heap   total 262144K, used 39112K [0x00000000e0000000, 0x0000000100000000)
  region size 1024K, 32 young (32768K), 3 survivors (3072K)
 Metaspace       used 11232K, committed 11392K, reserved 278528K
  class space    used 1168K, committed 1280K, reserved 212992K
}
Event: 0.751 GC heap after
{Heap after GC invocations=2 (full 0):
 garbage-first heap   total 262144K, used 13501K [0x00000000e0000000, 0x0000000100000000)
  region size 1024K, 4 young (4096K), 4 survivors (4096K)
 Metaspace       used 11232K, committed 11392K, reserved 278528K
  class space    used 1168K, committed 1280K, reserved 212992K
}
Event: 1.644 GC heap before
{Heap before GC invocations=2 (full 0):
 garbage-first heap   total 262144K, used 51389K [0x00000000e0000000, 0x0000000100000000)
  region size 1024K, 42 young (43008K), 4 survivors (4096K)
 Metaspace       used 21244K, committed 21504K, reserved 278528K
  class space    used 2553K, committed 2688K, reserved 212992K
}
Event: 1.647 GC heap after
{Heap after GC invocations=3 (full 0):
 garbage-first heap   total 262144K, used 17657K [0x00000000e0000000, 0x0000000100000000)
  region size 1024K, 9 young (9216K), 9 survivors (9216K)
 Metaspace       used 21244K, committed 21504K, reserved 278528K
  class space    used 2553K, committed 2688K, reserved 212992K
}
Event: 3.354 GC heap before
{Heap before GC invocations=4 (full 0):
 garbage-first heap   total 262144K, used 105721K [0x00000000e0000000, 0x0000000100000000)
  region size 1024K, 97 young (99328K), 9 survivors (9216K)
 Metaspace       used 35802K, committed 36096K, reserved 278528K
  class space    used 4868K, committed 4992K, reserved 212992K
}
Event: 3.359 GC heap after
{Heap after GC invocations=5 (full 0):
 garbage-first heap   total 262144K, used 23509K [0x00000000e0000000, 0x0000000100000000)
  region size 1024K, 14 young (14336K), 14 survivors (14336K)
 Metaspace       used 35802K, committed 36096K, reserved 278528K
  class space    used 4868K, committed 4992K, reserved 212992K
}
Event: 8.948 GC heap before
{Heap before GC invocations=6 (full 0):
 garbage-first heap   total 262144K, used 169941K [0x00000000e0000000, 0x0000000100000000)
  region size 1024K, 153 young (156672K), 14 survivors (14336K)
 Metaspace       used 56617K, committed 57088K, reserved 278528K
  class space    used 7459K, committed 7680K, reserved 212992K
}
Event: 8.959 GC heap after
{Heap after GC invocations=7 (full 0):
 garbage-first heap   total 262144K, used 34815K [0x00000000e0000000, 0x0000000100000000)
  region size 1024K, 20 young (20480K), 20 survivors (20480K)
 Metaspace       used 56617K, committed 57088K, reserved 278528K
  class space    used 7459K, committed 7680K, reserved 212992K
}
Event: 12.112 GC heap before
{Heap before GC invocations=7 (full 0):
 garbage-first heap   total 262144K, used 76799K [0x00000000e0000000, 0x0000000100000000)
  region size 1024K, 62 young (63488K), 20 survivors (20480K)
 Metaspace       used 59862K, committed 60288K, reserved 278528K
  class space    used 7925K, committed 8128K, reserved 212992K
}
Event: 12.121 GC heap after
{Heap after GC invocations=8 (full 0):
 garbage-first heap   total 262144K, used 40681K [0x00000000e0000000, 0x0000000100000000)
  region size 1024K, 6 young (6144K), 6 survivors (6144K)
 Metaspace       used 59862K, committed 60288K, reserved 278528K
  class space    used 7925K, committed 8128K, reserved 212992K
}
Event: 44.049 GC heap before
{Heap before GC invocations=9 (full 0):
 garbage-first heap   total 262144K, used 187113K [0x00000000e0000000, 0x0000000100000000)
  region size 1024K, 150 young (153600K), 6 survivors (6144K)
 Metaspace       used 67572K, committed 68096K, reserved 278528K
  class space    used 9053K, committed 9280K, reserved 212992K
}
Event: 44.054 GC heap after
{Heap after GC invocations=10 (full 0):
 garbage-first heap   total 262144K, used 48929K [0x00000000e0000000, 0x0000000100000000)
  region size 1024K, 14 young (14336K), 14 survivors (14336K)
 Metaspace       used 67572K, committed 68096K, reserved 278528K
  class space    used 9053K, committed 9280K, reserved 212992K
}
Event: 97.258 GC heap before
{Heap before GC invocations=10 (full 0):
 garbage-first heap   total 262144K, used 191265K [0x00000000e0000000, 0x0000000100000000)
  region size 1024K, 153 young (156672K), 14 survivors (14336K)
 Metaspace       used 68953K, committed 69568K, reserved 278528K
  class space    used 9076K, committed 9344K, reserved 212992K
}
Event: 97.264 GC heap after
{Heap after GC invocations=11 (full 0):
 garbage-first heap   total 262144K, used 55193K [0x00000000e0000000, 0x0000000100000000)
  region size 1024K, 17 young (17408K), 17 survivors (17408K)
 Metaspace       used 68953K, committed 69568K, reserved 278528K
  class space    used 9076K, committed 9344K, reserved 212992K
}

