# JRE version: OpenJDK Runtime Environment JBR-17.0.10+1-1087.21-jcef (17.0.10+1) (build 17.0.10+1-b1087.21)
# Java VM: OpenJDK 64-Bit Server VM JBR-17.0.10+1-1087.21-jcef (17.0.10+1-b1087.21, mixed mode, tiered, compressed oops, compressed class ptrs, g1 gc, windows-amd64)
GC Precious Log:
 CPUs: 12 total, 12 available
 Memory: 16291M
 Large Page Support: Disabled
 NUMA Support: Disabled
 Compressed Oops: Enabled (32-bit)
 Heap Region Size: 1M
 Heap Min Capacity: 256M
 Heap Initial Capacity: 256M
 Heap Max Capacity: 512M
 Pre-touch: Disabled
 Parallel Workers: 10
 Concurrent Workers: 3
 Concurrent Refinement Workers: 10
 Periodic GC: Disabled
Heap:
 garbage-first heap   total 262144K, used 125662K [0x00000000e0000000, 0x0000000100000000)
  region size 1024K, 79 young (80896K), 2 survivors (2048K)
 Metaspace       used 68393K, committed 68992K, reserved 278528K
  class space    used 9065K, committed 9344K, reserved 212992K
GC Heap History (20 events):
Event: 0.666 GC heap before
{Heap before GC invocations=1 (full 0):
 garbage-first heap   total 262144K, used 39059K [0x00000000e0000000, 0x0000000100000000)
  region size 1024K, 32 young (32768K), 3 survivors (3072K)
 Metaspace       used 11247K, committed 11456K, reserved 278528K
  class space    used 1167K, committed 1280K, reserved 212992K
}
Event: 0.668 GC heap after
{Heap after GC invocations=2 (full 0):
 garbage-first heap   total 262144K, used 13511K [0x00000000e0000000, 0x0000000100000000)
  region size 1024K, 4 young (4096K), 4 survivors (4096K)
 Metaspace       used 11247K, committed 11456K, reserved 278528K
  class space    used 1167K, committed 1280K, reserved 212992K
}
Event: 1.887 GC heap before
{Heap before GC invocations=2 (full 0):
 garbage-first heap   total 262144K, used 51399K [0x00000000e0000000, 0x0000000100000000)
  region size 1024K, 42 young (43008K), 4 survivors (4096K)
 Metaspace       used 21264K, committed 21504K, reserved 278528K
  class space    used 2555K, committed 2688K, reserved 212992K
}
Event: 1.891 GC heap after
{Heap after GC invocations=3 (full 0):
 garbage-first heap   total 262144K, used 17572K [0x00000000e0000000, 0x0000000100000000)
  region size 1024K, 8 young (8192K), 8 survivors (8192K)
 Metaspace       used 21264K, committed 21504K, reserved 278528K
  class space    used 2555K, committed 2688K, reserved 212992K
}
Event: 12.678 GC heap before
{Heap before GC invocations=4 (full 0):
 garbage-first heap   total 262144K, used 108708K [0x00000000e0000000, 0x0000000100000000)
  region size 1024K, 99 young (101376K), 8 survivors (8192K)
 Metaspace       used 35861K, committed 36096K, reserved 278528K
  class space    used 4878K, committed 4992K, reserved 212992K
}
Event: 12.684 GC heap after
{Heap after GC invocations=5 (full 0):
 garbage-first heap   total 262144K, used 22894K [0x00000000e0000000, 0x0000000100000000)
  region size 1024K, 14 young (14336K), 14 survivors (14336K)
 Metaspace       used 35861K, committed 36096K, reserved 278528K
  class space    used 4878K, committed 4992K, reserved 212992K
}
Event: 12.698 GC heap before
{Heap before GC invocations=5 (full 0):
 garbage-first heap   total 262144K, used 22894K [0x00000000e0000000, 0x0000000100000000)
  region size 1024K, 15 young (15360K), 14 survivors (14336K)
 Metaspace       used 36069K, committed 36352K, reserved 278528K
  class space    used 4899K, committed 5056K, reserved 212992K
}
Event: 12.704 GC heap after
{Heap after GC invocations=6 (full 0):
 garbage-first heap   total 262144K, used 24124K [0x00000000e0000000, 0x0000000100000000)
  region size 1024K, 2 young (2048K), 2 survivors (2048K)
 Metaspace       used 36069K, committed 36352K, reserved 278528K
  class space    used 4899K, committed 5056K, reserved 212992K
}
Event: 12.707 GC heap before
{Heap before GC invocations=6 (full 0):
 garbage-first heap   total 262144K, used 24124K [0x00000000e0000000, 0x0000000100000000)
  region size 1024K, 3 young (3072K), 2 survivors (2048K)
 Metaspace       used 36139K, committed 36416K, reserved 278528K
  class space    used 4901K, committed 5056K, reserved 212992K
}
Event: 12.707 GC heap after
{Heap after GC invocations=7 (full 0):
 garbage-first heap   total 262144K, used 22956K [0x00000000e0000000, 0x0000000100000000)
  region size 1024K, 1 young (1024K), 1 survivors (1024K)
 Metaspace       used 36139K, committed 36416K, reserved 278528K
  class space    used 4901K, committed 5056K, reserved 212992K
}
Event: 22.789 GC heap before
{Heap before GC invocations=8 (full 0):
 garbage-first heap   total 262144K, used 181676K [0x00000000e0000000, 0x0000000100000000)
  region size 1024K, 153 young (156672K), 1 survivors (1024K)
 Metaspace       used 57112K, committed 57536K, reserved 278528K
  class space    used 7508K, committed 7680K, reserved 212992K
}
Event: 22.795 GC heap after
{Heap after GC invocations=9 (full 0):
 garbage-first heap   total 262144K, used 35471K [0x00000000e0000000, 0x0000000100000000)
  region size 1024K, 13 young (13312K), 13 survivors (13312K)
 Metaspace       used 57112K, committed 57536K, reserved 278528K
  class space    used 7508K, committed 7680K, reserved 212992K
}
Event: 22.975 GC heap before
{Heap before GC invocations=9 (full 0):
 garbage-first heap   total 262144K, used 36495K [0x00000000e0000000, 0x0000000100000000)
  region size 1024K, 14 young (14336K), 13 survivors (13312K)
 Metaspace       used 57160K, committed 57600K, reserved 278528K
  class space    used 7512K, committed 7744K, reserved 212992K
}
Event: 22.979 GC heap after
{Heap after GC invocations=10 (full 0):
 garbage-first heap   total 262144K, used 36261K [0x00000000e0000000, 0x0000000100000000)
  region size 1024K, 2 young (2048K), 2 survivors (2048K)
 Metaspace       used 57160K, committed 57600K, reserved 278528K
  class space    used 7512K, committed 7744K, reserved 212992K
}
Event: 24.845 GC heap before
{Heap before GC invocations=10 (full 0):
 garbage-first heap   total 262144K, used 76197K [0x00000000e0000000, 0x0000000100000000)
  region size 1024K, 41 young (41984K), 2 survivors (2048K)
 Metaspace       used 60888K, committed 61376K, reserved 278528K
  class space    used 8069K, committed 8320K, reserved 212992K
}
Event: 24.847 GC heap after
{Heap after GC invocations=11 (full 0):
 garbage-first heap   total 262144K, used 39527K [0x00000000e0000000, 0x0000000100000000)
  region size 1024K, 4 young (4096K), 4 survivors (4096K)
 Metaspace       used 60888K, committed 61376K, reserved 278528K
  class space    used 8069K, committed 8320K, reserved 212992K
}
Event: 82.395 GC heap before
{Heap before GC invocations=12 (full 0):
 garbage-first heap   total 262144K, used 191079K [0x00000000e0000000, 0x0000000100000000)
  region size 1024K, 153 young (156672K), 4 survivors (4096K)
 Metaspace       used 67576K, committed 68096K, reserved 278528K
  class space    used 9045K, committed 9280K, reserved 212992K
}
Event: 82.400 GC heap after
{Heap after GC invocations=13 (full 0):
 garbage-first heap   total 262144K, used 48535K [0x00000000e0000000, 0x0000000100000000)
  region size 1024K, 13 young (13312K), 13 survivors (13312K)
 Metaspace       used 67576K, committed 68096K, reserved 278528K
  class space    used 9045K, committed 9280K, reserved 212992K
}
Event: 82.689 GC heap before
{Heap before GC invocations=13 (full 0):
 garbage-first heap   total 262144K, used 49559K [0x00000000e0000000, 0x0000000100000000)
  region size 1024K, 14 young (14336K), 13 survivors (13312K)
 Metaspace       used 67604K, committed 68096K, reserved 278528K
  class space    used 9045K, committed 9280K, reserved 212992K
}
Event: 82.698 GC heap after
{Heap after GC invocations=14 (full 0):
 garbage-first heap   total 262144K, used 47838K [0x00000000e0000000, 0x0000000100000000)
  region size 1024K, 2 young (2048K), 2 survivors (2048K)
 Metaspace       used 67604K, committed 68096K, reserved 278528K
  class space    used 9045K, committed 9280K, reserved 212992K
}

