# JRE version: OpenJDK Runtime Environment JBR-17.0.10+1-1087.21-jcef (17.0.10+1) (build 17.0.10+1-b1087.21)
# Java VM: OpenJDK 64-Bit Server VM JBR-17.0.10+1-1087.21-jcef (17.0.10+1-b1087.21, mixed mode, tiered, compressed oops, compressed class ptrs, g1 gc, windows-amd64)
GC Precious Log:
 CPUs: 12 total, 12 available
 Memory: 16291M
 Large Page Support: Disabled
 NUMA Support: Disabled
 Compressed Oops: Enabled (32-bit)
 Heap Region Size: 1M
 Heap Min Capacity: 256M
 Heap Initial Capacity: 256M
 Heap Max Capacity: 512M
 Pre-touch: Disabled
 Parallel Workers: 10
 Concurrent Workers: 3
 Concurrent Refinement Workers: 10
 Periodic GC: Disabled
Heap:
 garbage-first heap   total 262144K, used 149472K [0x00000000e0000000, 0x0000000100000000)
  region size 1024K, 102 young (104448K), 2 survivors (2048K)
 Metaspace       used 68640K, committed 69248K, reserved 278528K
  class space    used 9068K, committed 9344K, reserved 212992K
GC Heap History (20 events):
Event: 0.432 GC heap before
{Heap before GC invocations=0 (full 0):
 garbage-first heap   total 262144K, used 28672K [0x00000000e0000000, 0x0000000100000000)
  region size 1024K, 23 young (23552K), 0 survivors (0K)
 Metaspace       used 10281K, committed 10496K, reserved 278528K
  class space    used 1063K, committed 1152K, reserved 212992K
}
Event: 0.434 GC heap after
{Heap after GC invocations=1 (full 0):
 garbage-first heap   total 262144K, used 9629K [0x00000000e0000000, 0x0000000100000000)
  region size 1024K, 3 young (3072K), 3 survivors (3072K)
 Metaspace       used 10281K, committed 10496K, reserved 278528K
  class space    used 1063K, committed 1152K, reserved 212992K
}
Event: 0.660 GC heap before
{Heap before GC invocations=1 (full 0):
 garbage-first heap   total 262144K, used 39325K [0x00000000e0000000, 0x0000000100000000)
  region size 1024K, 32 young (32768K), 3 survivors (3072K)
 Metaspace       used 11244K, committed 11392K, reserved 278528K
  class space    used 1167K, committed 1280K, reserved 212992K
}
Event: 0.662 GC heap after
{Heap after GC invocations=2 (full 0):
 garbage-first heap   total 262144K, used 13512K [0x00000000e0000000, 0x0000000100000000)
  region size 1024K, 4 young (4096K), 4 survivors (4096K)
 Metaspace       used 11244K, committed 11392K, reserved 278528K
  class space    used 1167K, committed 1280K, reserved 212992K
}
Event: 1.220 GC heap before
{Heap before GC invocations=2 (full 0):
 garbage-first heap   total 262144K, used 50376K [0x00000000e0000000, 0x0000000100000000)
  region size 1024K, 41 young (41984K), 4 survivors (4096K)
 Metaspace       used 21258K, committed 21504K, reserved 278528K
  class space    used 2553K, committed 2688K, reserved 212992K
}
Event: 1.224 GC heap after
{Heap after GC invocations=3 (full 0):
 garbage-first heap   total 262144K, used 17707K [0x00000000e0000000, 0x0000000100000000)
  region size 1024K, 9 young (9216K), 9 survivors (9216K)
 Metaspace       used 21258K, committed 21504K, reserved 278528K
  class space    used 2553K, committed 2688K, reserved 212992K
}
Event: 2.470 GC heap before
{Heap before GC invocations=4 (full 0):
 garbage-first heap   total 262144K, used 104747K [0x00000000e0000000, 0x0000000100000000)
  region size 1024K, 96 young (98304K), 9 survivors (9216K)
 Metaspace       used 35802K, committed 36096K, reserved 278528K
  class space    used 4867K, committed 4992K, reserved 212992K
}
Event: 2.476 GC heap after
{Heap after GC invocations=5 (full 0):
 garbage-first heap   total 262144K, used 23085K [0x00000000e0000000, 0x0000000100000000)
  region size 1024K, 14 young (14336K), 14 survivors (14336K)
 Metaspace       used 35802K, committed 36096K, reserved 278528K
  class space    used 4867K, committed 4992K, reserved 212992K
}
Event: 2.490 GC heap before
{Heap before GC invocations=5 (full 0):
 garbage-first heap   total 262144K, used 23085K [0x00000000e0000000, 0x0000000100000000)
  region size 1024K, 15 young (15360K), 14 survivors (14336K)
 Metaspace       used 36134K, committed 36416K, reserved 278528K
  class space    used 4890K, committed 4992K, reserved 212992K
}
Event: 2.496 GC heap after
{Heap after GC invocations=6 (full 0):
 garbage-first heap   total 262144K, used 23599K [0x00000000e0000000, 0x0000000100000000)
  region size 1024K, 2 young (2048K), 2 survivors (2048K)
 Metaspace       used 36134K, committed 36416K, reserved 278528K
  class space    used 4890K, committed 4992K, reserved 212992K
}
Event: 2.509 GC heap before
{Heap before GC invocations=6 (full 0):
 garbage-first heap   total 262144K, used 24623K [0x00000000e0000000, 0x0000000100000000)
  region size 1024K, 4 young (4096K), 2 survivors (2048K)
 Metaspace       used 36352K, committed 36736K, reserved 278528K
  class space    used 4906K, committed 5120K, reserved 212992K
}
Event: 2.510 GC heap after
{Heap after GC invocations=7 (full 0):
 garbage-first heap   total 262144K, used 22912K [0x00000000e0000000, 0x0000000100000000)
  region size 1024K, 1 young (1024K), 1 survivors (1024K)
 Metaspace       used 36352K, committed 36736K, reserved 278528K
  class space    used 4906K, committed 5120K, reserved 212992K
}
Event: 8.327 GC heap before
{Heap before GC invocations=8 (full 0):
 garbage-first heap   total 262144K, used 172416K [0x00000000e0000000, 0x0000000100000000)
  region size 1024K, 144 young (147456K), 1 survivors (1024K)
 Metaspace       used 56870K, committed 57344K, reserved 278528K
  class space    used 7492K, committed 7680K, reserved 212992K
}
Event: 8.333 GC heap after
{Heap after GC invocations=9 (full 0):
 garbage-first heap   total 262144K, used 35067K [0x00000000e0000000, 0x0000000100000000)
  region size 1024K, 13 young (13312K), 13 survivors (13312K)
 Metaspace       used 56870K, committed 57344K, reserved 278528K
  class space    used 7492K, committed 7680K, reserved 212992K
}
Event: 11.620 GC heap before
{Heap before GC invocations=9 (full 0):
 garbage-first heap   total 262144K, used 84219K [0x00000000e0000000, 0x0000000100000000)
  region size 1024K, 61 young (62464K), 13 survivors (13312K)
 Metaspace       used 60967K, committed 61440K, reserved 278528K
  class space    used 8089K, committed 8256K, reserved 212992K
}
Event: 11.626 GC heap after
{Heap after GC invocations=10 (full 0):
 garbage-first heap   total 262144K, used 39835K [0x00000000e0000000, 0x0000000100000000)
  region size 1024K, 5 young (5120K), 5 survivors (5120K)
 Metaspace       used 60967K, committed 61440K, reserved 278528K
  class space    used 8089K, committed 8256K, reserved 212992K
}
Event: 58.992 GC heap before
{Heap before GC invocations=11 (full 0):
 garbage-first heap   total 262144K, used 183195K [0x00000000e0000000, 0x0000000100000000)
  region size 1024K, 146 young (149504K), 5 survivors (5120K)
 Metaspace       used 67445K, committed 67968K, reserved 278528K
  class space    used 9036K, committed 9280K, reserved 212992K
}
Event: 58.997 GC heap after
{Heap after GC invocations=12 (full 0):
 garbage-first heap   total 262144K, used 47878K [0x00000000e0000000, 0x0000000100000000)
  region size 1024K, 13 young (13312K), 13 survivors (13312K)
 Metaspace       used 67445K, committed 67968K, reserved 278528K
  class space    used 9036K, committed 9280K, reserved 212992K
}
Event: 59.001 GC heap before
{Heap before GC invocations=12 (full 0):
 garbage-first heap   total 262144K, used 48902K [0x00000000e0000000, 0x0000000100000000)
  region size 1024K, 14 young (14336K), 13 survivors (13312K)
 Metaspace       used 67456K, committed 67968K, reserved 278528K
  class space    used 9037K, committed 9280K, reserved 212992K
}
Event: 59.010 GC heap after
{Heap after GC invocations=13 (full 0):
 garbage-first heap   total 262144K, used 48096K [0x00000000e0000000, 0x0000000100000000)
  region size 1024K, 2 young (2048K), 2 survivors (2048K)
 Metaspace       used 67456K, committed 67968K, reserved 278528K
  class space    used 9037K, committed 9280K, reserved 212992K
}

